<?xml version="1.0" encoding="UTF-8"?>
<testng-results ignored="0" total="1" passed="1" failed="0" skipped="0">
  <reporter-output>
  </reporter-output>
  <suite started-at="2024-12-13T11:11:01 IST" name="Thorne Application Test Automation" finished-at="2024-12-13T11:11:17 IST" duration-ms="16185">
    <groups>
    </groups>
    <test started-at="2024-12-13T11:11:01 IST" name="Thorne Application Test" finished-at="2024-12-13T11:11:17 IST" duration-ms="16185">
      <class name="com.ThorneAut.DemoTC">
        <test-method is-config="true" signature="setLog4j()[pri:0, instance:com.ThorneAut.DemoTC@3b69e7d1]" started-at="2024-12-13T11:11:01 IST" name="setLog4j" finished-at="2024-12-13T11:11:01 IST" duration-ms="47" status="PASS">
          <reporter-output>
          </reporter-output>
        </test-method> <!-- setLog4j -->
        <test-method is-config="true" signature="setUp()[pri:0, instance:com.ThorneAut.DemoTC@3b69e7d1]" started-at="2024-12-13T11:11:01 IST" name="setUp" finished-at="2024-12-13T11:11:10 IST" duration-ms="8605" status="PASS">
          <reporter-output>
          </reporter-output>
        </test-method> <!-- setUp -->
        <test-method signature="VerifySignupTC()[pri:1, instance:com.ThorneAut.DemoTC@3b69e7d1]" started-at="2024-12-13T11:11:10 IST" name="VerifySignupTC" finished-at="2024-12-13T11:11:16 IST" duration-ms="5818" status="PASS">
          <reporter-output>
          </reporter-output>
        </test-method> <!-- VerifySignupTC -->
        <test-method is-config="true" signature="tearDown()[pri:0, instance:com.ThorneAut.DemoTC@3b69e7d1]" started-at="2024-12-13T11:11:16 IST" name="tearDown" finished-at="2024-12-13T11:11:17 IST" duration-ms="1243" status="PASS">
          <reporter-output>
          </reporter-output>
        </test-method> <!-- tearDown -->
        <test-method is-config="true" signature="endReport()[pri:0, instance:com.ThorneAut.DemoTC@3b69e7d1]" started-at="2024-12-13T11:11:17 IST" name="endReport" finished-at="2024-12-13T11:11:17 IST" duration-ms="0" status="PASS">
          <reporter-output>
          </reporter-output>
        </test-method> <!-- endReport -->
      </class> <!-- com.ThorneAut.DemoTC -->
    </test> <!-- Thorne Application Test -->
  </suite> <!-- Thorne Application Test Automation -->
</testng-results>
